<?xml version="1.0" encoding="UTF-8"?>
<!-- Generated by org.testng.reporters.JUnitReportReporter -->
<testsuite hostname="D-184004960" name="com.test.testcase.Test_RemoveContact" tests="1" failures="0" timestamp="7 Dec 2016 13:06:07 GMT" time="39.304" errors="0">
  <testcase name="deleteContact" time="39.304" classname="com.test.testcase.Test_RemoveContact"/>
</testsuite> <!-- com.test.testcase.Test_RemoveContact -->
