<?xml version="1.0" encoding="UTF-8"?>
<!-- Generated by org.testng.reporters.JUnitReportReporter -->
<testsuite hostname="D-184004960" name="com.test.testcase.RemoveDevice" tests="1" failures="0" timestamp="7 Dec 2016 10:24:54 GMT" time="45.946" errors="0">
  <testcase name="RemoveDeviceTest" time="45.946" classname="com.test.testcase.RemoveDevice"/>
</testsuite> <!-- com.test.testcase.RemoveDevice -->
